android/app/build/intermediates/manifest_merge_blame_file/debug/manifest-merger-blame-debug-report.txt
1<?xml version="1.0" encoding="utf-8"?>
2<manifest xmlns:android="http://schemas.android.com/apk/res/android"
3    package="io.ionic.starter"
4    android:versionCode="1"
5    android:versionName="1.0" >
6
7    <uses-sdk
8        android:minSdkVersion="21"
8-->src\main\AndroidManifest.xml
9        android:targetSdkVersion="29" />
9-->src\main\AndroidManifest.xml
10
11    <!-- Permissions -->
12
13    <uses-permission android:name="android.permission.INTERNET" />
13-->src\main\AndroidManifest.xml:47:5-67
13-->src\main\AndroidManifest.xml:47:22-64
14    <!-- Camera, Photos, input file -->
15    <uses-permission android:name="android.permission.READ_EXTERNAL_STORAGE" />
15-->src\main\AndroidManifest.xml:49:5-79
15-->src\main\AndroidManifest.xml:49:22-77
16    <uses-permission android:name="android.permission.WRITE_EXTERNAL_STORAGE" />
16-->src\main\AndroidManifest.xml:50:5-81
16-->src\main\AndroidManifest.xml:50:22-78
17    <!-- Geolocation API -->
18    <uses-permission android:name="android.permission.ACCESS_COARSE_LOCATION" />
18-->src\main\AndroidManifest.xml:52:5-81
18-->src\main\AndroidManifest.xml:52:22-78
19    <uses-permission android:name="android.permission.ACCESS_FINE_LOCATION" />
19-->src\main\AndroidManifest.xml:53:5-79
19-->src\main\AndroidManifest.xml:53:22-76
20
21    <uses-feature android:name="android.hardware.location.gps" />
21-->src\main\AndroidManifest.xml:54:5-66
21-->src\main\AndroidManifest.xml:54:19-63
22    <!-- Network API -->
23    <uses-permission android:name="android.permission.ACCESS_NETWORK_STATE" />
23-->src\main\AndroidManifest.xml:56:5-79
23-->src\main\AndroidManifest.xml:56:22-76
24    <!-- Navigator.getUserMedia -->
25    <!-- Video -->
26    <uses-permission android:name="android.permission.CAMERA" />
26-->src\main\AndroidManifest.xml:59:5-65
26-->src\main\AndroidManifest.xml:59:22-62
27    <!-- Audio -->
28    <uses-permission android:name="android.permission.RECORD_AUDIO" />
28-->src\main\AndroidManifest.xml:61:5-71
28-->src\main\AndroidManifest.xml:61:22-68
29    <uses-permission android:name="android.permission.MODIFY_AUDIO_SETTINGS" />
29-->src\main\AndroidManifest.xml:62:5-79
29-->src\main\AndroidManifest.xml:62:22-77
30
31    <uses-feature
31-->[:capacitor-android] AndroidManifest.xml:11:5-13:36
32        android:name="android.hardware.camera"
32-->[:capacitor-android] AndroidManifest.xml:12:9-47
33        android:required="false" />
33-->[:capacitor-android] AndroidManifest.xml:13:9-33
34
35    <uses-permission android:name="android.permission.RECEIVE_BOOT_COMPLETED" />
35-->[:capacitor-android] AndroidManifest.xml:15:5-81
35-->[:capacitor-android] AndroidManifest.xml:15:22-78
36    <uses-permission android:name="android.permission.WAKE_LOCK" />
36-->[:capacitor-android] AndroidManifest.xml:16:5-68
36-->[:capacitor-android] AndroidManifest.xml:16:22-65
37    <uses-permission android:name="android.permission.RECORD_VIDEO" /> <!-- Required by older versions of Google Play services to create IID tokens -->
37-->[:capacitor-cordova-android-plugins] AndroidManifest.xml:14:5-71
37-->[:capacitor-cordova-android-plugins] AndroidManifest.xml:14:22-68
38    <uses-permission android:name="com.google.android.c2dm.permission.RECEIVE" />
38-->[com.google.firebase:firebase-iid:20.1.1] AndroidManifest.xml:26:5-82
38-->[com.google.firebase:firebase-iid:20.1.1] AndroidManifest.xml:26:22-79
39
40    <application
40-->src\main\AndroidManifest.xml:5:5-43:19
41        android:allowBackup="true"
41-->src\main\AndroidManifest.xml:6:9-35
42        android:appComponentFactory="androidx.core.app.CoreComponentFactory"
42-->[androidx.core:core:1.2.0] AndroidManifest.xml:24:18-86
43        android:debuggable="true"
44        android:icon="@mipmap/ic_launcher"
44-->src\main\AndroidManifest.xml:7:9-43
45        android:label="@string/app_name"
45-->src\main\AndroidManifest.xml:8:9-41
46        android:requestLegacyExternalStorage="true"
46-->[:capacitor-cordova-android-plugins] AndroidManifest.xml:18:9-52
47        android:roundIcon="@mipmap/ic_launcher_round"
47-->src\main\AndroidManifest.xml:9:9-54
48        android:supportsRtl="true"
48-->src\main\AndroidManifest.xml:10:9-35
49        android:testOnly="true"
50        android:theme="@style/AppTheme"
50-->src\main\AndroidManifest.xml:11:9-40
51        android:usesCleartextTraffic="true" >
51-->[:capacitor-cordova-android-plugins] AndroidManifest.xml:19:9-44
52        <activity
52-->src\main\AndroidManifest.xml:13:9-32:20
53            android:name="io.ionic.starter.MainActivity"
53-->src\main\AndroidManifest.xml:15:13-57
54            android:configChanges="orientation|keyboardHidden|keyboard|screenSize|locale|smallestScreenSize|screenLayout|uiMode"
54-->src\main\AndroidManifest.xml:14:13-129
55            android:label="@string/title_activity_main"
55-->src\main\AndroidManifest.xml:16:13-56
56            android:launchMode="singleTask"
56-->src\main\AndroidManifest.xml:18:13-44
57            android:theme="@style/AppTheme.NoActionBarLaunch" >
57-->src\main\AndroidManifest.xml:17:13-62
58            <intent-filter>
58-->src\main\AndroidManifest.xml:20:13-23:29
59                <action android:name="android.intent.action.MAIN" />
59-->src\main\AndroidManifest.xml:21:17-69
59-->src\main\AndroidManifest.xml:21:25-66
60
61                <category android:name="android.intent.category.LAUNCHER" />
61-->src\main\AndroidManifest.xml:22:17-77
61-->src\main\AndroidManifest.xml:22:27-74
62            </intent-filter>
63            <intent-filter>
63-->src\main\AndroidManifest.xml:25:13-30:29
64                <action android:name="android.intent.action.VIEW" />
64-->src\main\AndroidManifest.xml:26:17-69
64-->src\main\AndroidManifest.xml:26:25-66
65
66                <category android:name="android.intent.category.DEFAULT" />
66-->src\main\AndroidManifest.xml:27:17-76
66-->src\main\AndroidManifest.xml:27:27-73
67                <category android:name="android.intent.category.BROWSABLE" />
67-->src\main\AndroidManifest.xml:28:17-78
67-->src\main\AndroidManifest.xml:28:27-75
68
69                <data android:scheme="@string/custom_url_scheme" />
69-->src\main\AndroidManifest.xml:29:17-68
69-->src\main\AndroidManifest.xml:29:23-65
70            </intent-filter>
71        </activity>
72
73        <provider
74            android:name="androidx.core.content.FileProvider"
74-->src\main\AndroidManifest.xml:35:13-62
75            android:authorities="io.ionic.starter.fileprovider"
75-->src\main\AndroidManifest.xml:36:13-64
76            android:exported="false"
76-->src\main\AndroidManifest.xml:37:13-37
77            android:grantUriPermissions="true" >
77-->src\main\AndroidManifest.xml:38:13-47
78            <meta-data
78-->src\main\AndroidManifest.xml:39:13-41:64
79                android:name="android.support.FILE_PROVIDER_PATHS"
79-->src\main\AndroidManifest.xml:40:17-67
80                android:resource="@xml/file_paths" />
80-->src\main\AndroidManifest.xml:41:17-51
81        </provider>
82
83        <service
83-->[:capacitor-android] AndroidManifest.xml:19:9-21:40
84            android:name="com.getcapacitor.plugin.background.BackgroundTaskService"
84-->[:capacitor-android] AndroidManifest.xml:20:13-84
85            android:exported="false" />
85-->[:capacitor-android] AndroidManifest.xml:21:13-37
86
87        <receiver android:name="com.getcapacitor.plugin.notification.TimedNotificationPublisher" />
87-->[:capacitor-android] AndroidManifest.xml:23:9-100
87-->[:capacitor-android] AndroidManifest.xml:23:19-97
88        <receiver android:name="com.getcapacitor.plugin.notification.NotificationDismissReceiver" />
88-->[:capacitor-android] AndroidManifest.xml:24:9-101
88-->[:capacitor-android] AndroidManifest.xml:24:19-98
89
90        <meta-data
90-->[:capacitor-android] AndroidManifest.xml:26:9-28:37
91            android:name="firebase_messaging_auto_init_enabled"
91-->[:capacitor-android] AndroidManifest.xml:27:13-64
92            android:value="false" />
92-->[:capacitor-android] AndroidManifest.xml:28:13-34
93
94        <service
94-->[:capacitor-android] AndroidManifest.xml:30:9-36:19
95            android:name="com.getcapacitor.CapacitorFirebaseMessagingService"
95-->[:capacitor-android] AndroidManifest.xml:31:13-78
96            android:stopWithTask="false" >
96-->[:capacitor-android] AndroidManifest.xml:32:13-41
97            <intent-filter>
97-->[:capacitor-android] AndroidManifest.xml:33:13-35:29
98                <action android:name="com.google.firebase.MESSAGING_EVENT" />
98-->[:capacitor-android] AndroidManifest.xml:34:17-78
98-->[:capacitor-android] AndroidManifest.xml:34:25-75
99            </intent-filter>
100        </service>
101
102        <receiver
102-->[:capacitor-android] AndroidManifest.xml:38:9-47:20
103            android:name="com.getcapacitor.plugin.notification.LocalNotificationRestoreReceiver"
103-->[:capacitor-android] AndroidManifest.xml:39:13-97
104            android:directBootAware="true"
104-->[:capacitor-android] AndroidManifest.xml:40:13-43
105            android:exported="false" >
105-->[:capacitor-android] AndroidManifest.xml:41:13-37
106            <intent-filter>
106-->[:capacitor-android] AndroidManifest.xml:42:13-46:29
107                <action android:name="android.intent.action.LOCKED_BOOT_COMPLETED" />
107-->[:capacitor-android] AndroidManifest.xml:43:17-86
107-->[:capacitor-android] AndroidManifest.xml:43:25-83
108                <action android:name="android.intent.action.BOOT_COMPLETED" />
108-->[:capacitor-android] AndroidManifest.xml:44:17-79
108-->[:capacitor-android] AndroidManifest.xml:44:25-76
109                <action android:name="android.intent.action.QUICKBOOT_POWERON" />
109-->[:capacitor-android] AndroidManifest.xml:45:17-82
109-->[:capacitor-android] AndroidManifest.xml:45:25-79
110            </intent-filter>
111        </receiver>
112
113        <activity
113-->[:capacitor-cordova-android-plugins] AndroidManifest.xml:20:9-23:60
114            android:name="com.synconset.MultiImageChooserActivity"
114-->[:capacitor-cordova-android-plugins] AndroidManifest.xml:21:13-67
115            android:label="@string/multi_app_name"
115-->[:capacitor-cordova-android-plugins] AndroidManifest.xml:22:13-51
116            android:theme="@style/Theme.AppCompat.Light" />
116-->[:capacitor-cordova-android-plugins] AndroidManifest.xml:23:13-57
117
118        <provider
118-->[:capacitor-cordova-android-plugins] AndroidManifest.xml:25:9-33:20
119            android:name="org.apache.cordova.camera.FileProvider"
119-->[:capacitor-cordova-android-plugins] AndroidManifest.xml:26:13-66
120            android:authorities="io.ionic.starter.provider"
120-->[:capacitor-cordova-android-plugins] AndroidManifest.xml:27:13-60
121            android:exported="false"
121-->[:capacitor-cordova-android-plugins] AndroidManifest.xml:28:13-37
122            android:grantUriPermissions="true" >
122-->[:capacitor-cordova-android-plugins] AndroidManifest.xml:29:13-47
123            <meta-data
123-->src\main\AndroidManifest.xml:39:13-41:64
124                android:name="android.support.FILE_PROVIDER_PATHS"
124-->src\main\AndroidManifest.xml:40:17-67
125                android:resource="@xml/camera_provider_paths" />
125-->src\main\AndroidManifest.xml:41:17-51
126        </provider>
127        <!--
128             FirebaseMessagingService performs security checks at runtime,
129             but set to not exported to explicitly avoid allowing another app to call it.
130        -->
131        <service
131-->[com.google.firebase:firebase-messaging:20.1.2] AndroidManifest.xml:28:9-34:19
132            android:name="com.google.firebase.messaging.FirebaseMessagingService"
132-->[com.google.firebase:firebase-messaging:20.1.2] AndroidManifest.xml:29:13-82
133            android:exported="false" >
133-->[com.google.firebase:firebase-messaging:20.1.2] AndroidManifest.xml:30:13-37
134            <intent-filter android:priority="-500" >
134-->[:capacitor-android] AndroidManifest.xml:33:13-35:29
135                <action android:name="com.google.firebase.MESSAGING_EVENT" />
135-->[:capacitor-android] AndroidManifest.xml:34:17-78
135-->[:capacitor-android] AndroidManifest.xml:34:25-75
136            </intent-filter>
137        </service>
138        <service
138-->[com.google.firebase:firebase-messaging:20.1.2] AndroidManifest.xml:35:9-41:19
139            android:name="com.google.firebase.components.ComponentDiscoveryService"
139-->[com.google.firebase:firebase-messaging:20.1.2] AndroidManifest.xml:36:13-84
140            android:directBootAware="true"
140-->[com.google.firebase:firebase-common:19.3.0] AndroidManifest.xml:34:13-43
141            android:exported="false" >
141-->[com.google.firebase:firebase-messaging:20.1.2] AndroidManifest.xml:37:13-37
142            <meta-data
142-->[com.google.firebase:firebase-messaging:20.1.2] AndroidManifest.xml:38:13-40:85
143                android:name="com.google.firebase.components:com.google.firebase.messaging.FirebaseMessagingRegistrar"
143-->[com.google.firebase:firebase-messaging:20.1.2] AndroidManifest.xml:39:17-119
144                android:value="com.google.firebase.components.ComponentRegistrar" />
144-->[com.google.firebase:firebase-messaging:20.1.2] AndroidManifest.xml:40:17-82
145            <meta-data
145-->[com.google.firebase:firebase-datatransport:17.0.3] AndroidManifest.xml:28:13-30:85
146                android:name="com.google.firebase.components:com.google.firebase.datatransport.TransportRegistrar"
146-->[com.google.firebase:firebase-datatransport:17.0.3] AndroidManifest.xml:29:17-115
147                android:value="com.google.firebase.components.ComponentRegistrar" />
147-->[com.google.firebase:firebase-datatransport:17.0.3] AndroidManifest.xml:30:17-82
148            <meta-data
148-->[com.google.firebase:firebase-iid:20.1.1] AndroidManifest.xml:32:13-34:85
149                android:name="com.google.firebase.components:com.google.firebase.iid.Registrar"
149-->[com.google.firebase:firebase-iid:20.1.1] AndroidManifest.xml:33:17-96
150                android:value="com.google.firebase.components.ComponentRegistrar" />
150-->[com.google.firebase:firebase-iid:20.1.1] AndroidManifest.xml:34:17-82
151            <meta-data
151-->[com.google.firebase:firebase-installations:16.0.0] AndroidManifest.xml:17:13-19:85
152                android:name="com.google.firebase.components:com.google.firebase.installations.FirebaseInstallationsRegistrar"
152-->[com.google.firebase:firebase-installations:16.0.0] AndroidManifest.xml:18:17-127
153                android:value="com.google.firebase.components.ComponentRegistrar" />
153-->[com.google.firebase:firebase-installations:16.0.0] AndroidManifest.xml:19:17-82
154        </service>
155
156        <receiver
156-->[com.google.firebase:firebase-iid:20.1.1] AndroidManifest.xml:37:9-44:20
157            android:name="com.google.firebase.iid.FirebaseInstanceIdReceiver"
157-->[com.google.firebase:firebase-iid:20.1.1] AndroidManifest.xml:38:13-78
158            android:exported="true"
158-->[com.google.firebase:firebase-iid:20.1.1] AndroidManifest.xml:39:13-36
159            android:permission="com.google.android.c2dm.permission.SEND" >
159-->[com.google.firebase:firebase-iid:20.1.1] AndroidManifest.xml:40:13-73
160            <intent-filter>
160-->[com.google.firebase:firebase-iid:20.1.1] AndroidManifest.xml:41:13-43:29
161                <action android:name="com.google.android.c2dm.intent.RECEIVE" />
161-->[com.google.firebase:firebase-iid:20.1.1] AndroidManifest.xml:42:17-81
161-->[com.google.firebase:firebase-iid:20.1.1] AndroidManifest.xml:42:25-78
162            </intent-filter>
163        </receiver>
164
165        <provider
165-->[com.google.firebase:firebase-common:19.3.0] AndroidManifest.xml:26:9-30:39
166            android:name="com.google.firebase.provider.FirebaseInitProvider"
166-->[com.google.firebase:firebase-common:19.3.0] AndroidManifest.xml:27:13-77
167            android:authorities="io.ionic.starter.firebaseinitprovider"
167-->[com.google.firebase:firebase-common:19.3.0] AndroidManifest.xml:28:13-72
168            android:exported="false"
168-->[com.google.firebase:firebase-common:19.3.0] AndroidManifest.xml:29:13-37
169            android:initOrder="100" />
169-->[com.google.firebase:firebase-common:19.3.0] AndroidManifest.xml:30:13-36
170
171        <activity
171-->[com.google.android.gms:play-services-base:17.0.0] AndroidManifest.xml:23:9-26:75
172            android:name="com.google.android.gms.common.api.GoogleApiActivity"
172-->[com.google.android.gms:play-services-base:17.0.0] AndroidManifest.xml:24:13-79
173            android:exported="false"
173-->[com.google.android.gms:play-services-base:17.0.0] AndroidManifest.xml:25:13-37
174            android:theme="@android:style/Theme.Translucent.NoTitleBar" />
174-->[com.google.android.gms:play-services-base:17.0.0] AndroidManifest.xml:26:13-72
175
176        <meta-data
176-->[com.google.android.gms:play-services-basement:17.0.0] AndroidManifest.xml:23:9-25:69
177            android:name="com.google.android.gms.version"
177-->[com.google.android.gms:play-services-basement:17.0.0] AndroidManifest.xml:24:13-58
178            android:value="@integer/google_play_services_version" />
178-->[com.google.android.gms:play-services-basement:17.0.0] AndroidManifest.xml:25:13-66
179
180        <service
180-->[com.google.android.datatransport:transport-backend-cct:2.2.0] AndroidManifest.xml:29:9-35:19
181            android:name="com.google.android.datatransport.runtime.backends.TransportBackendDiscovery"
181-->[com.google.android.datatransport:transport-backend-cct:2.2.0] AndroidManifest.xml:30:13-103
182            android:exported="false" >
182-->[com.google.android.datatransport:transport-backend-cct:2.2.0] AndroidManifest.xml:31:13-37
183            <meta-data
183-->[com.google.android.datatransport:transport-backend-cct:2.2.0] AndroidManifest.xml:32:13-34:39
184                android:name="backend:com.google.android.datatransport.cct.CctBackendFactory"
184-->[com.google.android.datatransport:transport-backend-cct:2.2.0] AndroidManifest.xml:33:17-94
185                android:value="cct" />
185-->[com.google.android.datatransport:transport-backend-cct:2.2.0] AndroidManifest.xml:34:17-36
186        </service>
187        <service
187-->[com.google.android.datatransport:transport-runtime:2.2.0] AndroidManifest.xml:26:9-30:19
188            android:name="com.google.android.datatransport.runtime.scheduling.jobscheduling.JobInfoSchedulerService"
188-->[com.google.android.datatransport:transport-runtime:2.2.0] AndroidManifest.xml:27:13-117
189            android:exported="false"
189-->[com.google.android.datatransport:transport-runtime:2.2.0] AndroidManifest.xml:28:13-37
190            android:permission="android.permission.BIND_JOB_SERVICE" >
190-->[com.google.android.datatransport:transport-runtime:2.2.0] AndroidManifest.xml:29:13-69
191        </service>
192
193        <receiver
193-->[com.google.android.datatransport:transport-runtime:2.2.0] AndroidManifest.xml:32:9-34:40
194            android:name="com.google.android.datatransport.runtime.scheduling.jobscheduling.AlarmManagerSchedulerBroadcastReceiver"
194-->[com.google.android.datatransport:transport-runtime:2.2.0] AndroidManifest.xml:33:13-132
195            android:exported="false" />
195-->[com.google.android.datatransport:transport-runtime:2.2.0] AndroidManifest.xml:34:13-37
196    </application>
197
198</manifest>